<?xml version="1.0" encoding="UTF-8"?>
<!-- Generated by org.testng.reporters.JUnitReportReporter -->
<testsuite hostname="DESKTOP-D4G0JOA" failures="0" tests="2" name="parentmaven.childmaven.RESTApiTest" time="0.001" errors="0" timestamp="2021-09-24T00:12:52 IST" skipped="0">
  <testcase classname="parentmaven.childmaven.RESTApiTest" name="postjira" time="0.001"/>
  <system-out/>
  <testcase classname="parentmaven.childmaven.RESTApiTest" name="deleteTwitter" time="0.000"/>
  <system-out/>
</testsuite> <!-- parentmaven.childmaven.RESTApiTest -->
