<?xml version="1.0" encoding="UTF-8"?>
<!-- Generated by org.testng.reporters.JUnitReportReporter -->
<testsuite hostname="DESKTOP-D4G0JOA" failures="0" tests="2" name="parentmaven.childmaven.AppiumTest" time="0.025" errors="0" timestamp="2021-09-24T00:12:52 IST" skipped="0">
  <testcase classname="parentmaven.childmaven.AppiumTest" name="ISOApp" time="0.013"/>
  <system-out/>
  <testcase classname="parentmaven.childmaven.AppiumTest" name="andriodApp" time="0.012"/>
  <system-out/>
</testsuite> <!-- parentmaven.childmaven.AppiumTest -->
