<?xml version="1.0" encoding="UTF-8"?>
<!-- Generated by org.testng.reporters.JUnitReportReporter -->
<testsuite hostname="DESKTOP-D4G0JOA" failures="0" tests="2" name="parentmaven.childmaven.SeleniumTest" time="0.002" errors="0" timestamp="2021-09-24T00:12:52 IST" skipped="0">
  <testcase classname="parentmaven.childmaven.SeleniumTest" name="BrowserAutomation" time="0.001"/>
  <system-out/>
  <testcase classname="parentmaven.childmaven.SeleniumTest" name="elements" time="0.001"/>
  <system-out/>
</testsuite> <!-- parentmaven.childmaven.SeleniumTest -->
